[debug] [2026-05-01T17:26:49.909Z] ----------------------------------------------------------------------
[debug] [2026-05-01T17:26:49.910Z] Command:       /Users/arsentileuken/.nvm/versions/node/v24.14.1/bin/node /Users/arsentileuken/.nvm/versions/node/v24.14.1/bin/firebase init hosting
[debug] [2026-05-01T17:26:49.910Z] CLI Version:   15.16.0
[debug] [2026-05-01T17:26:49.910Z] Platform:      darwin
[debug] [2026-05-01T17:26:49.910Z] Node Version:  v24.14.1
[debug] [2026-05-01T17:26:49.910Z] Time:          Fri May 01 2026 22:26:49 GMT+0500 (Kazakhstan Time)
[debug] [2026-05-01T17:26:49.910Z] ----------------------------------------------------------------------
[debug] 
[info] 
     ######## #### ########  ######## ########     ###     ######  ########
     ##        ##  ##     ## ##       ##     ##  ##   ##  ##       ##
     ######    ##  ########  ######   ########  #########  ######  ######
     ##        ##  ##    ##  ##       ##     ## ##     ##       ## ##
     ##       #### ##     ## ######## ########  ##     ##  ######  ########

You're about to initialize a Firebase project in this directory:

  /Users/arsentileuken/Desktop/ai-exam-assistant

[info] 
=== Project Setup
[info] 
[info] First, let's associate this project directory with a Firebase project.
[info] You can create multiple project aliases by running firebase use --add, 
[info] 
[debug] [2026-05-01T17:28:36.701Z] > command requires scopes: ["email","openid","https://www.googleapis.com/auth/cloudplatformprojects.readonly","https://www.googleapis.com/auth/firebase","https://www.googleapis.com/auth/cloud-platform"]
[debug] [2026-05-01T17:28:36.701Z] > authorizing via signed-in user (arsentileuken@gmail.com)
[debug] [2026-05-01T17:28:36.703Z] Checked if tokens are valid: true, expires at: 1777660008668
[debug] [2026-05-01T17:28:36.703Z] Checked if tokens are valid: true, expires at: 1777660008668
[debug] [2026-05-01T17:28:36.704Z] >>> [apiv2][query] GET https://firebase.googleapis.com/v1beta1/projects pageSize=100
[debug] [2026-05-01T17:28:38.140Z] <<< [apiv2][status] GET https://firebase.googleapis.com/v1beta1/projects 200
[debug] [2026-05-01T17:28:38.140Z] <<< [apiv2][body] GET https://firebase.googleapis.com/v1beta1/projects [omitted]
[info] 
=== Hosting Setup
[debug] [2026-05-01T17:28:44.730Z] Checked if tokens are valid: true, expires at: 1777660008668
[debug] [2026-05-01T17:28:44.730Z] Checked if tokens are valid: true, expires at: 1777660008668
[debug] [2026-05-01T17:28:44.730Z] >>> [apiv2][query] GET https://firebase.googleapis.com/v1beta1/projects/eduai-assistant-9fb47 [none]
[debug] [2026-05-01T17:28:45.502Z] <<< [apiv2][status] GET https://firebase.googleapis.com/v1beta1/projects/eduai-assistant-9fb47 200
[debug] [2026-05-01T17:28:45.502Z] <<< [apiv2][body] GET https://firebase.googleapis.com/v1beta1/projects/eduai-assistant-9fb47 {"projectId":"eduai-assistant-9fb47","projectNumber":"276179348323","displayName":"eduai-assistant","name":"projects/eduai-assistant-9fb47","resources":{"hostingSite":"eduai-assistant-9fb47"},"state":"ACTIVE","etag":"1_df76699e-135d-4482-a079-54cbacd57c9f"}
[info] 
[info] Your public directory is the folder (relative to your project directory) that
[info] will contain Hosting assets to be uploaded with firebase deploy. If you
[info] have a build process for your assets, use your build's output directory.
[info] 
[info] 
[info] i  Detected a .git folder at /Users/arsentileuken/Desktop/ai-exam-assistant 
[info] i  Authorizing with GitHub to upload your service account to a GitHub repository's secrets store. 
[info] 
[info] Visit this URL on this device to log in:
[info] https://github.com/login/oauth/authorize?client_id=89cf50f02ac6aaed3484&state=192423368&redirect_uri=http%3A%2F%2Flocalhost%3A9005&scope=read%3Auser%20repo%20public_repo
[info] 
[info] Waiting for authentication...
[debug] [2026-05-01T17:29:35.848Z] >>> [apiv2][query] POST https://github.com/login/oauth/access_token [none]
[debug] [2026-05-01T17:29:35.848Z] >>> [apiv2][body] POST https://github.com/login/oauth/access_token [stream]
[debug] [2026-05-01T17:29:36.517Z] <<< [apiv2][status] POST https://github.com/login/oauth/access_token 200
[debug] [2026-05-01T17:29:36.517Z] <<< [apiv2][body] POST https://github.com/login/oauth/access_token {"access_token":"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","token_type":"bearer","scope":"read:user,repo"}
[debug] [2026-05-01T17:29:36.520Z] >>> [apiv2][query] GET https://api.github.com/user [none]
[debug] [2026-05-01T17:29:37.414Z] <<< [apiv2][status] GET https://api.github.com/user 200
[debug] [2026-05-01T17:29:37.414Z] <<< [apiv2][body] GET https://api.github.com/user {"login":"DesAler","id":199129146,"node_id":"U_kgDOC954Og","avatar_url":"https://avatars.githubusercontent.com/u/199129146?v=4","gravatar_id":"","url":"https://api.github.com/users/DesAler","html_url":"https://github.com/DesAler","followers_url":"https://api.github.com/users/DesAler/followers","following_url":"https://api.github.com/users/DesAler/following{/other_user}","gists_url":"https://api.github.com/users/DesAler/gists{/gist_id}","starred_url":"https://api.github.com/users/DesAler/starred{/owner}{/repo}","subscriptions_url":"https://api.github.com/users/DesAler/subscriptions","organizations_url":"https://api.github.com/users/DesAler/orgs","repos_url":"https://api.github.com/users/DesAler/repos","events_url":"https://api.github.com/users/DesAler/events{/privacy}","received_events_url":"https://api.github.com/users/DesAler/received_events","type":"User","user_view_type":"private","site_admin":false,"name":null,"company":null,"blog":"","location":null,"email":null,"hireable":null,"bio":null,"twitter_username":null,"notification_email":null,"public_repos":5,"public_gists":0,"followers":0,"following":0,"created_at":"2025-02-13T17:02:22Z","updated_at":"2025-11-22T14:36:33Z","private_gists":0,"total_private_repos":0,"owned_private_repos":0,"disk_usage":1227,"collaborators":0,"two_factor_authentication":false,"plan":{"name":"free","space":976562499,"collaborators":0,"private_repos":10000}}
[info] 
[info] ✔  Success! Logged into GitHub as DesAler 
[info] 
